=> 0x00000000004011a2 <+0>:     push   %r14
   0x00000000004011a4 <+2>:     push   %r13
   0x00000000004011a6 <+4>:     push   %r12
   0x00000000004011a8 <+6>:     push   %rbp
   0x00000000004011a9 <+7>:     push   %rbx
   0x00000000004011aa <+8>:     sub    $0x50,%rsp
   0x00000000004011ae <+12>:    lea    0x30(%rsp),%rsi
   0x00000000004011b3 <+17>:    callq  0x401620 <read_six_numbers>
   0x00000000004011b8 <+22>:    lea    0x30(%rsp),%r12
   0x00000000004011bd <+27>:    lea    0x14(%r12),%r14
   0x00000000004011c2 <+32>:    mov    $0x1,%r13d
   0x00000000004011c8 <+38>:    jmp    0x4011f2 <phase_6+80>
   0x00000000004011ca <+40>:    callq  0x4015ea <explode_bomb>
   0x00000000004011cf <+45>:    jmp    0x401201 <phase_6+95>
   0x00000000004011d1 <+47>:    callq  0x4015ea <explode_bomb>
   0x00000000004011d6 <+52>:    add    $0x1,%rbx
   0x00000000004011da <+56>:    cmp    $0x5,%ebx
   0x00000000004011dd <+59>:    jg     0x4011ea <phase_6+72>
   0x00000000004011df <+61>:    mov    0x30(%rsp,%rbx,4),%eax           rsp: p *0x7fffffffdaa0
   0x00000000004011e3 <+65>:    cmp    %eax,0x0(%rbp)                   p *0x7fffffffdad0
   0x00000000004011e6 <+68>:    jne    0x4011d6 <phase_6+52>
   0x00000000004011e8 <+70>:    jmp    0x4011d1 <phase_6+47>            p $eax
   0x00000000004011ea <+72>:    add    $0x1,%r13
   0x00000000004011ee <+76>:    add    $0x4,%r12
   0x00000000004011f2 <+80>:    mov    %r12,%rbp
   0x00000000004011f5 <+83>:    mov    (%r12),%eax
   0x00000000004011f9 <+87>:    sub    $0x1,%eax
   0x00000000004011fc <+90>:    cmp    $0x5,%eax
   0x00000000004011ff <+93>:    ja     0x4011ca <phase_6+40>
   0x0000000000401201 <+95>:    cmp    %r14,%r12
   0x0000000000401204 <+98>:    je     0x40120b <phase_6+105>
   0x0000000000401206 <+100>:   mov    %r13,%rbx
   0x0000000000401209 <+103>:   jmp    0x4011df <phase_6+61>
   0x000000000040120b <+105>:   mov    $0x0,%esi
   0x0000000000401210 <+110>:   mov    0x30(%rsp,%rsi,4),%ecx
   0x0000000000401214 <+114>:   mov    $0x1,%eax
   0x0000000000401219 <+119>:   mov    $0x6042f0,%edx
   0x000000000040121e <+124>:   cmp    $0x1,%ecx
   0x0000000000401221 <+127>:   jle    0x40122e <phase_6+140>
   0x0000000000401223 <+129>:   mov    0x8(%rdx),%rdx
   0x0000000000401227 <+133>:   add    $0x1,%eax
   0x000000000040122a <+136>:   cmp    %ecx,%eax
   0x000000000040122c <+138>:   jne    0x401223 <phase_6+129>
   0x000000000040122e <+140>:   mov    %rdx,(%rsp,%rsi,8)
   0x0000000000401232 <+144>:   add    $0x1,%rsi
   0x0000000000401236 <+148>:   cmp    $0x6,%rsi
   0x000000000040123a <+152>:   jne    0x401210 <phase_6+110>
   0x000000000040123c <+154>:   mov    (%rsp),%rbx
   0x0000000000401240 <+158>:   mov    0x8(%rsp),%rax
   0x0000000000401245 <+163>:   mov    %rax,0x8(%rbx)
   0x0000000000401249 <+167>:   mov    0x10(%rsp),%rdx
   0x000000000040124e <+172>:   mov    %rdx,0x8(%rax)
   0x0000000000401252 <+176>:   mov    0x18(%rsp),%rax
   0x0000000000401257 <+181>:   mov    %rax,0x8(%rdx)
   0x000000000040125b <+185>:   mov    0x20(%rsp),%rdx
   0x0000000000401260 <+190>:   mov    %rdx,0x8(%rax)
   0x0000000000401264 <+194>:   mov    0x28(%rsp),%rax
   0x0000000000401269 <+199>:   mov    %rax,0x8(%rdx)
   0x000000000040126d <+203>:   movq   $0x0,0x8(%rax)
   0x0000000000401275 <+211>:   mov    $0x5,%ebp
   0x000000000040127a <+216>:   jmp    0x401285 <phase_6+227>
   0x000000000040127c <+218>:   mov    0x8(%rbx),%rbx
   0x0000000000401280 <+222>:   sub    $0x1,%ebp
   0x0000000000401283 <+225>:   je     0x401296 <phase_6+244>
   0x0000000000401285 <+227>:   mov    0x8(%rbx),%rax
   0x0000000000401289 <+231>:   mov    (%rax),%eax
   0x000000000040128b <+233>:   cmp    %eax,(%rbx)
   0x000000000040128d <+235>:   jge    0x40127c <phase_6+218>
   0x000000000040128f <+237>:   callq  0x4015ea <explode_bomb>
   0x0000000000401294 <+242>:   jmp    0x40127c <phase_6+218>
   0x0000000000401296 <+244>:   add    $0x50,%rsp
   0x000000000040129a <+248>:   pop    %rbx
   0x000000000040129b <+249>:   pop    %rbp
   0x000000000040129c <+250>:   pop    %r12
   0x000000000040129e <+252>:   pop    %r13
   0x00000000004012a0 <+254>:   pop    %r14
   0x00000000004012a2 <+256>:   retq   

(gdb) x/3x $rbx
0x6042f0 <node1>:       0x0000006f      0x00000001      0x00604300

(gdb) x/3x *($rbx + 8)
0x604300 <node2>:       0x0000018f      0x00000002      0x00604310

(gdb) x/3x *(*($rbx + 8) + 8)
0x604310 <node3>:       0x00000372      0x00000003      0x00604320

(gdb) x/3x *(*(*($rbx + 8) + 8) + 8)
0x604320 <node4>:       0x000000b9      0x00000004      0x00604330

(gdb) x/3x *(*(*(*($rbx + 8) + 8) + 8) + 8)
0x604330 <node5>:       0x00000245      0x00000005      0x00604340

(gdb) x/3x *(*(*(*(*($rbx + 8) + 8) + 8) + 8) + 8)
0x604340 <node6>:       0x00000169      0x00000006      0x00000000